<?xml version="1.0" encoding="UTF-8"?>
<!-- Generated by org.testng.reporters.JUnitReportReporter -->
<testsuite name="TestCases.LoginPageTest" tests="1" time="39.837" ignored="0" failures="0" timestamp="13 Apr 2020 08:52:13 GMT" skipped="0" hostname="NDI-LAP-596" errors="0">
  <testcase name="verifyLoginFunctionality" time="39.837" classname="TestCases.LoginPageTest"/>
</testsuite> <!-- TestCases.LoginPageTest -->
