<?xml version="1.0" encoding="UTF-8"?>
<!-- Generated by org.testng.reporters.JUnitReportReporter -->
<testsuite name="TestCases.LoginPageTest" tests="1" time="23.300" ignored="0" failures="0" timestamp="09 Apr 2020 07:17:33 GMT" skipped="0" hostname="NDI-LAP-596" errors="0">
  <testcase name="verifyLoginFunctionality" time="23.300" classname="TestCases.LoginPageTest"/>
</testsuite> <!-- TestCases.LoginPageTest -->
